[INFO   ] Logger: Record log in /storage/emulated/0/Documents/domino-score/.kivy/logs/kivy_25-12-29_15.txt
[INFO   ] Kivy: v2.3.1
[INFO   ] Kivy: Installed at "/data/user/0/ru.iiec.pydroid3/files/aarch64-linux-android/lib/python3.13/site-packages/kivy/__init__.py"
[INFO   ] Python: v3.13.2 (main, Apr 27 2025, 04:34:27) [GCC 11.4.0]
[INFO   ] Python: Interpreter at "/data/user/0/ru.iiec.pydroid3/files/aarch64-linux-android/bin/python3"
[INFO   ] Logger: Purge log fired. Processing...
[INFO   ] Logger: Purge finished!
[INFO   ] KivyMD: 1.2.0, git-Unknown, 2025-12-25 (installed at "/data/user/0/ru.iiec.pydroid3/files/aarch64-linux-android/lib/python3.13/site-packages/kivymd/__init__.py")
[WARNING] KivyMD: Version 1.2.0 is deprecated and is no longer supported. Use KivyMD version 2.0.0 from the master branch (pip install https://github.com/kivymd/KivyMD/archive/master.zip)
[INFO   ] Factory: 195 symbols loaded
[INFO   ] Image: Providers: img_tex, img_dds, img_sdl2, img_pil (img_ffpyplayer ignored)
[INFO   ] Text: Provider: sdl2
[INFO   ] Window: Provider: sdl2
[INFO   ] GL: Using the "OpenGL ES 2" graphics system
[INFO   ] GL: Backend used <sdl2>
[INFO   ] GL: OpenGL version <b'OpenGL ES 3.2 v1.r38p1'>
[INFO   ] GL: OpenGL vendor <b'ARM'>
[INFO   ] GL: OpenGL renderer <b'Mali-G57 MC2'>
[INFO   ] GL: OpenGL parsed version: 3, 2
[INFO   ] GL: Texture max size <16383>
[INFO   ] GL: Texture max units <64>
[INFO   ] Window: auto add sdl2 input provider
[INFO   ] Window: virtual keyboard not allowed, single mode, not docked
[INFO   ] Clipboard: Provider: android
[INFO   ] GL: NPOT texture support is available
[WARNING] stderr: Traceback (most recent call last):
[WARNING] stderr:   File "/data/user/0/ru.iiec.pydroid3/files/aarch64-linux-android/lib/python3.13/site-packages/kivy/lang/builder.py", line 245, in create_handler
[WARNING] stderr:     return eval(value, idmap), bound_list
[WARNING] stderr:            ~~~~^^^^^^^^^^^^^^
[WARNING] stderr:   File "/storage/emulated/0/Documents/domino-score/domino.kv", line 173, in <module>
[WARNING] stderr:     height:self.minimum_height
[WARNING] stderr:     ^^^^^^^
[WARNING] stderr:   File "kivy/weakproxy.pyx", line 32, in kivy.weakproxy.WeakProxy.__getattr__
[WARNING] stderr: AttributeError: 'MDLabel' object has no attribute 'minimum_height'
[WARNING] stderr: 
[WARNING] stderr: During handling of the above exception, another exception occurred:
[WARNING] stderr: 
[WARNING] stderr: Traceback (most recent call last):
[WARNING] stderr:   File "/data/user/0/ru.iiec.pydroid3/files/aarch64-linux-android/lib/python3.13/site-packages/kivy/lang/builder.py", line 699, in _apply_rule
[WARNING] stderr:     value, bound = create_handler(
[WARNING] stderr:                    ~~~~~~~~~~~~~~^
[WARNING] stderr:         widget_set, widget_set, key, value, rule,
[WARNING] stderr:         ^^^^^^^^^^^^^^^^^^^^^^^^^^^^^^^^^^^^^^^^^
[WARNING] stderr:         rctx['ids'])
[WARNING] stderr:         ^^^^^^^^^^^^
[WARNING] stderr:   File "/data/user/0/ru.iiec.pydroid3/files/aarch64-linux-android/lib/python3.13/site-packages/kivy/lang/builder.py", line 248, in create_handler
[WARNING] stderr:     raise BuilderException(rule.ctx, rule.line,
[WARNING] stderr:                            '{}: {}'.format(e.__class__.__name__, e),
[WARNING] stderr:                            cause=tb)
[WARNING] stderr: kivy.lang.builder.BuilderException: Parser: File "/storage/emulated/0/Documents/domino-score/domino.kv", line 173:
[WARNING] stderr: ...
[WARNING] stderr:     171:            text:"Player Cards"
[WARNING] stderr:     172:            size_hint:(1.0, None)
[WARNING] stderr: >>  173:            height:self.minimum_height
[WARNING] stderr:     174:            halign: "center"
[WARNING] stderr:     175:        
[WARNING] stderr: ...
[WARNING] stderr: AttributeError: 'MDLabel' object has no attribute 'minimum_height'
[WARNING] stderr:   File "/data/user/0/ru.iiec.pydroid3/files/aarch64-linux-android/lib/python3.13/site-packages/kivy/lang/builder.py", line 245, in create_handler
[WARNING] stderr:     return eval(value, idmap), bound_list
[WARNING] stderr:            ~~~~^^^^^^^^^^^^^^
[WARNING] stderr:   File "/storage/emulated/0/Documents/domino-score/domino.kv", line 173, in <module>
[WARNING] stderr:     height:self.minimum_height
[WARNING] stderr:     ^^^^^^^
[WARNING] stderr:   File "kivy/weakproxy.pyx", line 32, in kivy.weakproxy.WeakProxy.__getattr__
[WARNING] stderr: 
[WARNING] stderr: 
[WARNING] stderr: During handling of the above exception, another exception occurred:
[WARNING] stderr: 
[WARNING] stderr: Traceback (most recent call last):
[WARNING] stderr:   File "/storage/emulated/0/Documents/domino-score/main.py", line 576, in <module>
[WARNING] stderr:     DominoApp().run()
[WARNING] stderr:     ~~~~~~~~~~~~~~~^^
[WARNING] stderr:   File "/data/user/0/ru.iiec.pydroid3/files/aarch64-linux-android/lib/python3.13/site-packages/kivy/app.py", line 955, in run
[WARNING] stderr:     self._run_prepare()
[WARNING] stderr:     ~~~~~~~~~~~~~~~~~^^
[WARNING] stderr:   File "/data/user/0/ru.iiec.pydroid3/files/aarch64-linux-android/lib/python3.13/site-packages/kivy/app.py", line 925, in _run_prepare
[WARNING] stderr:     root = self.build()
[WARNING] stderr:   File "/storage/emulated/0/Documents/domino-score/main.py", line 452, in build
[WARNING] stderr:     sm.add_widget(GameScreen(name="game"))
[WARNING] stderr:                   ~~~~~~~~~~^^^^^^^^^^^^^
[WARNING] stderr:   File "/data/user/0/ru.iiec.pydroid3/files/aarch64-linux-android/lib/python3.13/site-packages/kivymd/uix/behaviors/declarative_behavior.py", line 311, in __init__
[WARNING] stderr:     super().__init__(**kwargs)
[WARNING] stderr:     ~~~~~~~~~~~~~~~~^^^^^^^^^^
[WARNING] stderr:   File "/data/user/0/ru.iiec.pydroid3/files/aarch64-linux-android/lib/python3.13/site-packages/kivymd/theming.py", line 1670, in __init__
[WARNING] stderr:     super().__init__(**kwargs)
[WARNING] stderr:     ~~~~~~~~~~~~~~~~^^^^^^^^^^
[WARNING] stderr:   File "/data/user/0/ru.iiec.pydroid3/files/aarch64-linux-android/lib/python3.13/site-packages/kivy/uix/relativelayout.py", line 274, in __init__
[WARNING] stderr:     super(RelativeLayout, self).__init__(**kw)
[WARNING] stderr:     ~~~~~~~~~~~~~~~~~~~~~~~~~~~~~~~~~~~~^^^^^^
[WARNING] stderr:   File "/data/user/0/ru.iiec.pydroid3/files/aarch64-linux-android/lib/python3.13/site-packages/kivy/uix/floatlayout.py", line 65, in __init__
[WARNING] stderr:     super(FloatLayout, self).__init__(**kwargs)
[WARNING] stderr:     ~~~~~~~~~~~~~~~~~~~~~~~~~~~~~~~~~^^^^^^^^^^
[WARNING] stderr:   File "/data/user/0/ru.iiec.pydroid3/files/aarch64-linux-android/lib/python3.13/site-packages/kivy/uix/layout.py", line 76, in __init__
[WARNING] stderr:     super(Layout, self).__init__(**kwargs)
[WARNING] stderr:     ~~~~~~~~~~~~~~~~~~~~~~~~~~~~^^^^^^^^^^
[WARNING] stderr:   File "/data/user/0/ru.iiec.pydroid3/files/aarch64-linux-android/lib/python3.13/site-packages/kivy/uix/widget.py", line 366, in __init__
[WARNING] stderr:     self.apply_class_lang_rules(
[WARNING] stderr:     ~~~~~~~~~~~~~~~~~~~~~~~~~~~^
[WARNING] stderr:         ignored_consts=self._kwargs_applied_init,
[WARNING] stderr:         ^^^^^^^^^^^^^^^^^^^^^^^^^^^^^^^^^^^^^^^^^
[WARNING] stderr:         rule_children=rule_children)
[WARNING] stderr:         ^^^^^^^^^^^^^^^^^^^^^^^^^^^^
[WARNING] stderr:   File "/data/user/0/ru.iiec.pydroid3/files/aarch64-linux-android/lib/python3.13/site-packages/kivy/uix/widget.py", line 470, in apply_class_lang_rules
[WARNING] stderr:     Builder.apply(
[WARNING] stderr:     ~~~~~~~~~~~~~^
[WARNING] stderr:         self, ignored_consts=ignored_consts,
[WARNING] stderr:         ^^^^^^^^^^^^^^^^^^^^^^^^^^^^^^^^^^^^
[WARNING] stderr:         rule_children=rule_children)
[WARNING] stderr:         ^^^^^^^^^^^^^^^^^^^^^^^^^^^^
[WARNING] stderr:   File "/data/user/0/ru.iiec.pydroid3/files/aarch64-linux-android/lib/python3.13/site-packages/kivy/lang/builder.py", line 545, in apply
[WARNING] stderr:     self._apply_rule(
[WARNING] stderr:     ~~~~~~~~~~~~~~~~^
[WARNING] stderr:         widget, rule, rule, ignored_consts=ignored_consts,
[WARNING] stderr:         ^^^^^^^^^^^^^^^^^^^^^^^^^^^^^^^^^^^^^^^^^^^^^^^^^^
[WARNING] stderr:         rule_children=rule_children)
[WARNING] stderr:         ^^^^^^^^^^^^^^^^^^^^^^^^^^^^
[WARNING] stderr:   File "/data/user/0/ru.iiec.pydroid3/files/aarch64-linux-android/lib/python3.13/site-packages/kivy/lang/builder.py", line 714, in _apply_rule
[WARNING] stderr:     raise BuilderException(rule.ctx, rule.line,
[WARNING] stderr:                            '{}: {}'.format(e.__class__.__name__,
[WARNING] stderr:                                            e), cause=tb)
[WARNING] stderr: kivy.lang.builder.BuilderException: Parser: File "/storage/emulated/0/Documents/domino-score/domino.kv", line 173:
[WARNING] stderr: ...
[WARNING] stderr:     171:            text:"Player Cards"
[WARNING] stderr:     172:            size_hint:(1.0, None)
[WARNING] stderr: >>  173:            height:self.minimum_height
[WARNING] stderr:     174:            halign: "center"
[WARNING] stderr:     175:        
[WARNING] stderr: ...
[WARNING] stderr: BuilderException: Parser: File "/storage/emulated/0/Documents/domino-score/domino.kv", line 173:
[WARNING] stderr: ...
[WARNING] stderr:     171:            text:"Player Cards"
[WARNING] stderr:     172:            size_hint:(1.0, None)
[WARNING] stderr: >>  173:            height:self.minimum_height
[WARNING] stderr:     174:            halign: "center"
[WARNING] stderr:     175:        
[WARNING] stderr: ...
[WARNING] stderr: AttributeError: 'MDLabel' object has no attribute 'minimum_height'
[WARNING] stderr:   File "/data/user/0/ru.iiec.pydroid3/files/aarch64-linux-android/lib/python3.13/site-packages/kivy/lang/builder.py", line 245, in create_handler
[WARNING] stderr:     return eval(value, idmap), bound_list
[WARNING] stderr:            ~~~~^^^^^^^^^^^^^^
[WARNING] stderr:   File "/storage/emulated/0/Documents/domino-score/domino.kv", line 173, in <module>
[WARNING] stderr:     height:self.minimum_height
[WARNING] stderr:     ^^^^^^^
[WARNING] stderr:   File "kivy/weakproxy.pyx", line 32, in kivy.weakproxy.WeakProxy.__getattr__
[WARNING] stderr: 
[WARNING] stderr:   File "/data/user/0/ru.iiec.pydroid3/files/aarch64-linux-android/lib/python3.13/site-packages/kivy/lang/builder.py", line 699, in _apply_rule
[WARNING] stderr:     value, bound = create_handler(
[WARNING] stderr:                    ~~~~~~~~~~~~~~^
[WARNING] stderr:         widget_set, widget_set, key, value, rule,
[WARNING] stderr:         ^^^^^^^^^^^^^^^^^^^^^^^^^^^^^^^^^^^^^^^^^
[WARNING] stderr:         rctx['ids'])
[WARNING] stderr:         ^^^^^^^^^^^^
[WARNING] stderr:   File "/data/user/0/ru.iiec.pydroid3/files/aarch64-linux-android/lib/python3.13/site-packages/kivy/lang/builder.py", line 248, in create_handler
[WARNING] stderr:     raise BuilderException(rule.ctx, rule.line,
[WARNING] stderr:                            '{}: {}'.format(e.__class__.__name__, e),
[WARNING] stderr:                            cause=tb)
[WARNING] stderr: 
