[INFO   ] Logger: Record log in /storage/emulated/0/Documents/domino-score/.kivy/logs/kivy_25-12-27_3.txt
[INFO   ] Kivy: v2.3.1
[INFO   ] Kivy: Installed at "/data/user/0/ru.iiec.pydroid3/files/aarch64-linux-android/lib/python3.13/site-packages/kivy/__init__.py"
[INFO   ] Python: v3.13.2 (main, Apr 27 2025, 04:34:27) [GCC 11.4.0]
[INFO   ] Python: Interpreter at "/data/user/0/ru.iiec.pydroid3/files/aarch64-linux-android/bin/python3"
[INFO   ] Logger: Purge log fired. Processing...
[INFO   ] Logger: Purge finished!
[INFO   ] KivyMD: 1.2.0, git-Unknown, 2025-12-25 (installed at "/data/user/0/ru.iiec.pydroid3/files/aarch64-linux-android/lib/python3.13/site-packages/kivymd/__init__.py")
[WARNING] KivyMD: Version 1.2.0 is deprecated and is no longer supported. Use KivyMD version 2.0.0 from the master branch (pip install https://github.com/kivymd/KivyMD/archive/master.zip)
[INFO   ] Factory: 195 symbols loaded
[INFO   ] Image: Providers: img_tex, img_dds, img_sdl2, img_pil (img_ffpyplayer ignored)
[INFO   ] Text: Provider: sdl2
[INFO   ] Window: Provider: sdl2
[INFO   ] GL: Using the "OpenGL ES 2" graphics system
[INFO   ] GL: Backend used <sdl2>
[INFO   ] GL: OpenGL version <b'OpenGL ES 3.2 v1.r38p1'>
[INFO   ] GL: OpenGL vendor <b'ARM'>
[INFO   ] GL: OpenGL renderer <b'Mali-G57 MC2'>
[INFO   ] GL: OpenGL parsed version: 3, 2
[INFO   ] GL: Texture max size <16383>
[INFO   ] GL: Texture max units <64>
[INFO   ] Window: auto add sdl2 input provider
[INFO   ] Window: virtual keyboard not allowed, single mode, not docked
[INFO   ] Clipboard: Provider: android
[INFO   ] GL: NPOT texture support is available
[WARNING] Base: Unknown <android> provider
[INFO   ] Base: Start application main loop
[INFO   ] Base: Leaving application in progress...
[WARNING] stderr: Traceback (most recent call last):
[WARNING] stderr:   File "kivy/_event.pyx", line 235, in kivy._event.EventDispatcher.__init__
[WARNING] stderr: TypeError: object.__init__() takes exactly one argument (the instance to initialize)
[WARNING] stderr: 
[WARNING] stderr: The above exception was the direct cause of the following exception:
[WARNING] stderr: 
[WARNING] stderr: Traceback (most recent call last):
[WARNING] stderr:   File "/storage/emulated/0/Documents/domino-score/main.py", line 440, in <module>
[WARNING] stderr:     DominoApp().run()
[WARNING] stderr:     ~~~~~~~~~~~~~~~^^
[WARNING] stderr:   File "/data/user/0/ru.iiec.pydroid3/files/aarch64-linux-android/lib/python3.13/site-packages/kivy/app.py", line 956, in run
[WARNING] stderr:     runTouchApp()
[WARNING] stderr:     ~~~~~~~~~~~^^
[WARNING] stderr:   File "/data/user/0/ru.iiec.pydroid3/files/aarch64-linux-android/lib/python3.13/site-packages/kivy/base.py", line 574, in runTouchApp
[WARNING] stderr:     EventLoop.mainloop()
[WARNING] stderr:     ~~~~~~~~~~~~~~~~~~^^
[WARNING] stderr:   File "/data/user/0/ru.iiec.pydroid3/files/aarch64-linux-android/lib/python3.13/site-packages/kivy/base.py", line 339, in mainloop
[WARNING] stderr:     self.idle()
[WARNING] stderr:     ~~~~~~~~~^^
[WARNING] stderr:   File "/data/user/0/ru.iiec.pydroid3/files/aarch64-linux-android/lib/python3.13/site-packages/kivy/base.py", line 383, in idle
[WARNING] stderr:     self.dispatch_input()
[WARNING] stderr:     ~~~~~~~~~~~~~~~~~~~^^
[WARNING] stderr:   File "/data/user/0/ru.iiec.pydroid3/files/aarch64-linux-android/lib/python3.13/site-packages/kivy/base.py", line 334, in dispatch_input
[WARNING] stderr:     post_dispatch_input(*pop(0))
[WARNING] stderr:     ~~~~~~~~~~~~~~~~~~~^^^^^^^^^
[WARNING] stderr:   File "/data/user/0/ru.iiec.pydroid3/files/aarch64-linux-android/lib/python3.13/site-packages/kivy/base.py", line 263, in post_dispatch_input
[WARNING] stderr:     listener.dispatch('on_motion', etype, me)
[WARNING] stderr:     ~~~~~~~~~~~~~~~~~^^^^^^^^^^^^^^^^^^^^^^^^
[WARNING] stderr:   File "kivy/_event.pyx", line 731, in kivy._event.EventDispatcher.dispatch
[WARNING] stderr:   File "/data/user/0/ru.iiec.pydroid3/files/aarch64-linux-android/lib/python3.13/site-packages/kivy/core/window/__init__.py", line 1709, in on_motion
[WARNING] stderr:     self.dispatch('on_touch_down', me)
[WARNING] stderr:     ~~~~~~~~~~~~~^^^^^^^^^^^^^^^^^^^^^
[WARNING] stderr:   File "kivy/_event.pyx", line 731, in kivy._event.EventDispatcher.dispatch
[WARNING] stderr:   File "/data/user/0/ru.iiec.pydroid3/files/aarch64-linux-android/lib/python3.13/site-packages/kivy/core/window/__init__.py", line 1726, in on_touch_down
[WARNING] stderr:     if w.dispatch('on_touch_down', touch):
[WARNING] stderr:        ~~~~~~~~~~^^^^^^^^^^^^^^^^^^^^^^^^
[WARNING] stderr:   File "kivy/_event.pyx", line 731, in kivy._event.EventDispatcher.dispatch
[WARNING] stderr:   File "/data/user/0/ru.iiec.pydroid3/files/aarch64-linux-android/lib/python3.13/site-packages/kivy/uix/screenmanager.py", line 1210, in on_touch_down
[WARNING] stderr:     return super(ScreenManager, self).on_touch_down(touch)
[WARNING] stderr:            ~~~~~~~~~~~~~~~~~~~~~~~~~~~~~~~~~~~~~~~~^^^^^^^
[WARNING] stderr:   File "/data/user/0/ru.iiec.pydroid3/files/aarch64-linux-android/lib/python3.13/site-packages/kivy/uix/widget.py", line 589, in on_touch_down
[WARNING] stderr:     if child.dispatch('on_touch_down', touch):
[WARNING] stderr:        ~~~~~~~~~~~~~~^^^^^^^^^^^^^^^^^^^^^^^^
[WARNING] stderr:   File "kivy/_event.pyx", line 731, in kivy._event.EventDispatcher.dispatch
[WARNING] stderr:   File "/data/user/0/ru.iiec.pydroid3/files/aarch64-linux-android/lib/python3.13/site-packages/kivy/uix/relativelayout.py", line 306, in on_touch_down
[WARNING] stderr:     ret = super(RelativeLayout, self).on_touch_down(touch)
[WARNING] stderr:   File "/data/user/0/ru.iiec.pydroid3/files/aarch64-linux-android/lib/python3.13/site-packages/kivy/uix/widget.py", line 589, in on_touch_down
[WARNING] stderr:     if child.dispatch('on_touch_down', touch):
[WARNING] stderr:        ~~~~~~~~~~~~~~^^^^^^^^^^^^^^^^^^^^^^^^
[WARNING] stderr:   File "kivy/_event.pyx", line 731, in kivy._event.EventDispatcher.dispatch
[WARNING] stderr:   File "/data/user/0/ru.iiec.pydroid3/files/aarch64-linux-android/lib/python3.13/site-packages/kivy/uix/widget.py", line 589, in on_touch_down
[WARNING] stderr:     if child.dispatch('on_touch_down', touch):
[WARNING] stderr:        ~~~~~~~~~~~~~~^^^^^^^^^^^^^^^^^^^^^^^^
[WARNING] stderr:   File "kivy/_event.pyx", line 731, in kivy._event.EventDispatcher.dispatch
[WARNING] stderr:   File "/data/user/0/ru.iiec.pydroid3/files/aarch64-linux-android/lib/python3.13/site-packages/kivy/uix/widget.py", line 589, in on_touch_down
[WARNING] stderr:     if child.dispatch('on_touch_down', touch):
[WARNING] stderr:        ~~~~~~~~~~~~~~^^^^^^^^^^^^^^^^^^^^^^^^
[WARNING] stderr:   File "kivy/_event.pyx", line 731, in kivy._event.EventDispatcher.dispatch
[WARNING] stderr:   File "/data/user/0/ru.iiec.pydroid3/files/aarch64-linux-android/lib/python3.13/site-packages/kivymd/uix/button/button.py", line 1131, in on_touch_down
[WARNING] stderr:     return super().on_touch_down(touch)
[WARNING] stderr:            ~~~~~~~~~~~~~~~~~~~~~^^^^^^^
[WARNING] stderr:   File "/data/user/0/ru.iiec.pydroid3/files/aarch64-linux-android/lib/python3.13/site-packages/kivymd/uix/behaviors/ripple_behavior.py", line 352, in on_touch_down
[WARNING] stderr:     super().on_touch_down(touch)
[WARNING] stderr:     ~~~~~~~~~~~~~~~~~~~~~^^^^^^^
[WARNING] stderr:   File "/data/user/0/ru.iiec.pydroid3/files/aarch64-linux-android/lib/python3.13/site-packages/kivy/uix/behaviors/button.py", line 151, in on_touch_down
[WARNING] stderr:     self.dispatch('on_press')
[WARNING] stderr:     ~~~~~~~~~~~~~^^^^^^^^^^^^
[WARNING] stderr:   File "kivy/_event.pyx", line 727, in kivy._event.EventDispatcher.dispatch
[WARNING] stderr:   File "kivy/_event.pyx", line 1307, in kivy._event.EventObservers.dispatch
[WARNING] stderr:   File "kivy/_event.pyx", line 1191, in kivy._event.EventObservers._dispatch
[WARNING] stderr:   File "/data/user/0/ru.iiec.pydroid3/files/aarch64-linux-android/lib/python3.13/site-packages/kivy/lang/builder.py", line 60, in custom_callback
[WARNING] stderr:     exec(__kvlang__.co_value, idmap)
[WARNING] stderr:     ~~~~^^^^^^^^^^^^^^^^^^^^^^^^^^^^
[WARNING] stderr:   File "/storage/emulated/0/Documents/domino-score/domino.kv", line 52, in <module>
[WARNING] stderr:     on_press: root.export_saves()
[WARNING] stderr:     ^^^
[WARNING] stderr:   File "/storage/emulated/0/Documents/domino-score/main.py", line 117, in export_saves
[WARNING] stderr:     MDDialog(
[WARNING] stderr:     ~~~~~~~~^
[WARNING] stderr:         title="Export Complete",
[WARNING] stderr:         ^^^^^^^^^^^^^^^^^^^^^^^^
[WARNING] stderr:         content=MDLabel(text=msg),
[WARNING] stderr:         ^^^^^^^^^^^^^^^^^^^^^^^^^^
[WARNING] stderr:         size_hint=(0.8, 0.5),
[WARNING] stderr:         ^^^^^^^^^^^^^^^^^^^^^
[WARNING] stderr:     ).open()
[WARNING] stderr:     ^
[WARNING] stderr:   File "/data/user/0/ru.iiec.pydroid3/files/aarch64-linux-android/lib/python3.13/site-packages/kivymd/uix/dialog/dialog.py", line 594, in __init__
[WARNING] stderr:     super().__init__(**kwargs)
[WARNING] stderr:     ~~~~~~~~~~~~~~~~^^^^^^^^^^
[WARNING] stderr:   File "/data/user/0/ru.iiec.pydroid3/files/aarch64-linux-android/lib/python3.13/site-packages/kivymd/theming.py", line 1670, in __init__
[WARNING] stderr:     super().__init__(**kwargs)
[WARNING] stderr:     ~~~~~~~~~~~~~~~~^^^^^^^^^^
[WARNING] stderr:   File "/data/user/0/ru.iiec.pydroid3/files/aarch64-linux-android/lib/python3.13/site-packages/kivymd/uix/behaviors/motion_behavior.py", line 201, in __init__
[WARNING] stderr:     super().__init__(**kwargs)
[WARNING] stderr:     ~~~~~~~~~~~~~~~~^^^^^^^^^^
[WARNING] stderr:   File "/data/user/0/ru.iiec.pydroid3/files/aarch64-linux-android/lib/python3.13/site-packages/kivy/uix/modalview.py", line 195, in __init__
[WARNING] stderr:     super(ModalView, self).__init__(**kwargs)
[WARNING] stderr:     ~~~~~~~~~~~~~~~~~~~~~~~~~~~~~~~^^^^^^^^^^
[WARNING] stderr:   File "/data/user/0/ru.iiec.pydroid3/files/aarch64-linux-android/lib/python3.13/site-packages/kivy/uix/anchorlayout.py", line 68, in __init__
[WARNING] stderr:     super(AnchorLayout, self).__init__(**kwargs)
[WARNING] stderr:     ~~~~~~~~~~~~~~~~~~~~~~~~~~~~~~~~~~^^^^^^^^^^
[WARNING] stderr:   File "/data/user/0/ru.iiec.pydroid3/files/aarch64-linux-android/lib/python3.13/site-packages/kivy/uix/layout.py", line 76, in __init__
[WARNING] stderr:     super(Layout, self).__init__(**kwargs)
[WARNING] stderr:     ~~~~~~~~~~~~~~~~~~~~~~~~~~~~^^^^^^^^^^
[WARNING] stderr:   File "/data/user/0/ru.iiec.pydroid3/files/aarch64-linux-android/lib/python3.13/site-packages/kivy/uix/widget.py", line 357, in __init__
[WARNING] stderr:     super(Widget, self).__init__(**kwargs)
[WARNING] stderr:     ~~~~~~~~~~~~~~~~~~~~~~~~~~~~^^^^^^^^^^
[WARNING] stderr:   File "kivy/_event.pyx", line 238, in kivy._event.EventDispatcher.__init__
[WARNING] stderr: TypeError: Properties ['content'] passed to __init__ may not be existing property names. Valid properties are ['_anim_alpha', '_anim_duration', '_is_open', '_scale_x', '_scale_y', '_scroll_height', '_spacer_top', '_window', 'anchor_x', 'anchor_y', 'attach_to', 'auto_dismiss', 'background', 'background_color', 'border', 'buttons', 'center', 'center_x', 'center_y', 'children', 'cls', 'content_cls', 'device_ios', 'disabled', 'elevation', 'height', 'hide_duration', 'hide_transition', 'ids', 'items', 'md_bg_color', 'motion_filter', 'opacity', 'opposite_colors', 'overlay_color', 'padding', 'parent', 'pos', 'pos_hint', 'radius', 'right', 'rotate_value_angle', 'rotate_value_axis', 'scale_value_center', 'scale_value_x', 'scale_value_y', 'scale_value_z', 'scale_x', 'scale_y', 'shadow_color', 'shadow_offset', 'shadow_radius', 'shadow_softness', 'shadow_softness_size', 'show_duration', 'show_transition', 'size', 'size_hint', 'size_hint_max', 'size_hint_max_x', 'size_hint_max_y', 'size_hint_min', 'size_hint_min_x', 'size_hint_min_y', 'size_hint_x', 'size_hint_y', 'text', 'theme_cls', 'title', 'top', 'type', 'widget_style', 'width', 'width_offset', 'x', 'y']
