[INFO   ] Logger: Record log in /storage/emulated/0/Documents/domino-score/.kivy/logs/kivy_25-12-30_17.txt
[INFO   ] Kivy: v2.3.1
[INFO   ] Kivy: Installed at "/data/user/0/ru.iiec.pydroid3/files/aarch64-linux-android/lib/python3.13/site-packages/kivy/__init__.py"
[INFO   ] Python: v3.13.2 (main, Apr 27 2025, 04:34:27) [GCC 11.4.0]
[INFO   ] Python: Interpreter at "/data/user/0/ru.iiec.pydroid3/files/aarch64-linux-android/bin/python3"
[INFO   ] Logger: Purge log fired. Processing...
[INFO   ] Logger: Purge finished!
[INFO   ] Image: Providers: img_tex, img_dds, img_sdl2, img_pil (img_ffpyplayer ignored)
[INFO   ] Text: Provider: sdl2
[INFO   ] Factory: 195 symbols loaded
[INFO   ] KivyMD: 1.2.0, git-Unknown, 2025-12-25 (installed at "/data/user/0/ru.iiec.pydroid3/files/aarch64-linux-android/lib/python3.13/site-packages/kivymd/__init__.py")
[WARNING] KivyMD: Version 1.2.0 is deprecated and is no longer supported. Use KivyMD version 2.0.0 from the master branch (pip install https://github.com/kivymd/KivyMD/archive/master.zip)
[INFO   ] Window: Provider: sdl2
[INFO   ] GL: Using the "OpenGL ES 2" graphics system
[INFO   ] GL: Backend used <sdl2>
[INFO   ] GL: OpenGL version <b'OpenGL ES 3.2 v1.r38p1'>
[INFO   ] GL: OpenGL vendor <b'ARM'>
[INFO   ] GL: OpenGL renderer <b'Mali-G57 MC2'>
[INFO   ] GL: OpenGL parsed version: 3, 2
[INFO   ] GL: Texture max size <16383>
[INFO   ] GL: Texture max units <64>
[INFO   ] Window: auto add sdl2 input provider
[INFO   ] Window: virtual keyboard not allowed, single mode, not docked
[INFO   ] Clipboard: Provider: android
[INFO   ] === App starting ===
[INFO   ] GL: NPOT texture support is available
[WARNING] stderr: Traceback (most recent call last):
[WARNING] stderr:   File "kivy/properties.pyx", line 2229, in kivy.properties.ColorProperty.convert
[WARNING] stderr:   File "kivy/properties.pyx", line 2240, in kivy.properties.ColorProperty.parse_str
[WARNING] stderr:   File "/data/user/0/ru.iiec.pydroid3/files/aarch64-linux-android/lib/python3.13/site-packages/kivy/utils.py", line 98, in get_color_from_hex
[WARNING] stderr:     value = [int(x, 16) / 255.
[WARNING] stderr:              ~~~^^^^^^^
[WARNING] stderr: ValueError: invalid literal for int() with base 16: 'yellow'
[WARNING] stderr: 
[WARNING] stderr: The above exception was the direct cause of the following exception:
[WARNING] stderr: 
[WARNING] stderr: Traceback (most recent call last):
[WARNING] stderr:   File "/storage/emulated/0/Documents/domino-score/main.py", line 441, in <module>
[WARNING] stderr:     DominoApp().run()
[WARNING] stderr:     ~~~~~~~~~~~~~~~^^
[WARNING] stderr:   File "/data/user/0/ru.iiec.pydroid3/files/aarch64-linux-android/lib/python3.13/site-packages/kivy/app.py", line 955, in run
[WARNING] stderr:     self._run_prepare()
[WARNING] stderr:     ~~~~~~~~~~~~~~~~~^^
[WARNING] stderr:   File "/data/user/0/ru.iiec.pydroid3/files/aarch64-linux-android/lib/python3.13/site-packages/kivy/app.py", line 925, in _run_prepare
[WARNING] stderr:     root = self.build()
[WARNING] stderr:   File "/storage/emulated/0/Documents/domino-score/main.py", line 389, in build
[WARNING] stderr:     sm.add_widget(cls(name=name))
[WARNING] stderr:     ~~~~~~~~~~~~~^^^^^^^^^^^^^^^^
[WARNING] stderr:   File "/data/user/0/ru.iiec.pydroid3/files/aarch64-linux-android/lib/python3.13/site-packages/kivy/uix/screenmanager.py", line 1001, in add_widget
[WARNING] stderr:     self.current = widget.name
[WARNING] stderr:     ^^^^^^^^^^^^
[WARNING] stderr:   File "kivy/properties.pyx", line 520, in kivy.properties.Property.__set__
[WARNING] stderr:   File "kivy/properties.pyx", line 567, in kivy.properties.Property.set
[WARNING] stderr:   File "kivy/properties.pyx", line 606, in kivy.properties.Property._dispatch
[WARNING] stderr:   File "kivy/_event.pyx", line 1307, in kivy._event.EventObservers.dispatch
[WARNING] stderr:   File "kivy/_event.pyx", line 1213, in kivy._event.EventObservers._dispatch
[WARNING] stderr:   File "/data/user/0/ru.iiec.pydroid3/files/aarch64-linux-android/lib/python3.13/site-packages/kivy/uix/screenmanager.py", line 1068, in on_current
[WARNING] stderr:     screen.dispatch('on_pre_enter')
[WARNING] stderr:     ~~~~~~~~~~~~~~~^^^^^^^^^^^^^^^^
[WARNING] stderr:   File "kivy/_event.pyx", line 731, in kivy._event.EventDispatcher.dispatch
[WARNING] stderr:   File "/storage/emulated/0/Documents/domino-score/main.py", line 165, in on_pre_enter
[WARNING] stderr:     self.update_labels()
[WARNING] stderr:     ~~~~~~~~~~~~~~~~~~^^
[WARNING] stderr:   File "/storage/emulated/0/Documents/domino-score/main.py", line 173, in update_labels
[WARNING] stderr:     self.title_label.color = random.choice(COLORS)
[WARNING] stderr:     ^^^^^^^^^^^^^^^^^^^^^^^^^^^
[WARNING] stderr:   File "kivy/weakproxy.pyx", line 35, in kivy.weakproxy.WeakProxy.__setattr__
[WARNING] stderr:   File "kivy/properties.pyx", line 520, in kivy.properties.Property.__set__
[WARNING] stderr:   File "kivy/properties.pyx", line 549, in kivy.properties.Property.set
[WARNING] stderr:   File "kivy/properties.pyx", line 2232, in kivy.properties.ColorProperty.convert
[WARNING] stderr: ValueError: MDLabel.text_color has an invalid format (got 'Yellow')
