[INFO   ] Logger: Record log in /storage/emulated/0/Documents/domino-score/.kivy/logs/kivy_25-12-29_20.txt
[INFO   ] Kivy: v2.3.1
[INFO   ] Kivy: Installed at "/data/user/0/ru.iiec.pydroid3/files/aarch64-linux-android/lib/python3.13/site-packages/kivy/__init__.py"
[INFO   ] Python: v3.13.2 (main, Apr 27 2025, 04:34:27) [GCC 11.4.0]
[INFO   ] Python: Interpreter at "/data/user/0/ru.iiec.pydroid3/files/aarch64-linux-android/bin/python3"
[INFO   ] Logger: Purge log fired. Processing...
[INFO   ] Logger: Purge finished!
[INFO   ] KivyMD: 1.2.0, git-Unknown, 2025-12-25 (installed at "/data/user/0/ru.iiec.pydroid3/files/aarch64-linux-android/lib/python3.13/site-packages/kivymd/__init__.py")
[WARNING] KivyMD: Version 1.2.0 is deprecated and is no longer supported. Use KivyMD version 2.0.0 from the master branch (pip install https://github.com/kivymd/KivyMD/archive/master.zip)
[INFO   ] Factory: 195 symbols loaded
[INFO   ] Image: Providers: img_tex, img_dds, img_sdl2, img_pil (img_ffpyplayer ignored)
[INFO   ] Text: Provider: sdl2
[INFO   ] Window: Provider: sdl2
[INFO   ] GL: Using the "OpenGL ES 2" graphics system
[INFO   ] GL: Backend used <sdl2>
[INFO   ] GL: OpenGL version <b'OpenGL ES 3.2 v1.r38p1'>
[INFO   ] GL: OpenGL vendor <b'ARM'>
[INFO   ] GL: OpenGL renderer <b'Mali-G57 MC2'>
[INFO   ] GL: OpenGL parsed version: 3, 2
[INFO   ] GL: Texture max size <16383>
[INFO   ] GL: Texture max units <64>
[INFO   ] Window: auto add sdl2 input provider
[INFO   ] Window: virtual keyboard not allowed, single mode, not docked
[INFO   ] Clipboard: Provider: android
[INFO   ] GL: NPOT texture support is available
[WARNING] Base: Unknown <android> provider
[INFO   ] Base: Start application main loop
[INFO   ] Loader: using a thread pool of 2 workers
[INFO   ] Base: Leaving application in progress...
[WARNING] stderr: Traceback (most recent call last):
[WARNING] stderr:   File "kivy/_event.pyx", line 235, in kivy._event.EventDispatcher.__init__
[WARNING] stderr:   File "/data/user/0/ru.iiec.pydroid3/files/aarch64-linux-android/lib/python3.13/site-packages/kivymd/uix/behaviors/backgroundcolor_behavior.py", line 244, in __init__
[WARNING] stderr:     super().__init__(**kwargs)
[WARNING] stderr:     ~~~~~~~~~~~~~~~~^^^^^^^^^^
[WARNING] stderr:   File "/data/user/0/ru.iiec.pydroid3/files/aarch64-linux-android/lib/python3.13/site-packages/kivymd/uix/behaviors/backgroundcolor_behavior.py", line 164, in __init__
[WARNING] stderr:     super().__init__(**kwarg)
[WARNING] stderr:     ~~~~~~~~~~~~~~~~^^^^^^^^^
[WARNING] stderr: TypeError: object.__init__() takes exactly one argument (the instance to initialize)
[WARNING] stderr: 
[WARNING] stderr: The above exception was the direct cause of the following exception:
[WARNING] stderr: 
[WARNING] stderr: Traceback (most recent call last):
[WARNING] stderr:   File "/storage/emulated/0/Documents/domino-score/main.py", line 576, in <module>
[WARNING] stderr:     DominoApp().run()
[WARNING] stderr:     ~~~~~~~~~~~~~~~^^
[WARNING] stderr:   File "/data/user/0/ru.iiec.pydroid3/files/aarch64-linux-android/lib/python3.13/site-packages/kivy/app.py", line 956, in run
[WARNING] stderr:     runTouchApp()
[WARNING] stderr:     ~~~~~~~~~~~^^
[WARNING] stderr:   File "/data/user/0/ru.iiec.pydroid3/files/aarch64-linux-android/lib/python3.13/site-packages/kivy/base.py", line 574, in runTouchApp
[WARNING] stderr:     EventLoop.mainloop()
[WARNING] stderr:     ~~~~~~~~~~~~~~~~~~^^
[WARNING] stderr:   File "/data/user/0/ru.iiec.pydroid3/files/aarch64-linux-android/lib/python3.13/site-packages/kivy/base.py", line 339, in mainloop
[WARNING] stderr:     self.idle()
[WARNING] stderr:     ~~~~~~~~~^^
[WARNING] stderr:   File "/data/user/0/ru.iiec.pydroid3/files/aarch64-linux-android/lib/python3.13/site-packages/kivy/base.py", line 379, in idle
[WARNING] stderr:     Clock.tick()
[WARNING] stderr:     ~~~~~~~~~~^^
[WARNING] stderr:   File "/data/user/0/ru.iiec.pydroid3/files/aarch64-linux-android/lib/python3.13/site-packages/kivy/clock.py", line 733, in tick
[WARNING] stderr:     self.post_idle(ts, self.idle())
[WARNING] stderr:     ~~~~~~~~~~~~~~^^^^^^^^^^^^^^^^^
[WARNING] stderr:   File "/data/user/0/ru.iiec.pydroid3/files/aarch64-linux-android/lib/python3.13/site-packages/kivy/clock.py", line 776, in post_idle
[WARNING] stderr:     self._process_events()
[WARNING] stderr:     ~~~~~~~~~~~~~~~~~~~~^^
[WARNING] stderr:   File "kivy/_clock.pyx", line 620, in kivy._clock.CyClockBase._process_events
[WARNING] stderr:   File "kivy/_clock.pyx", line 653, in kivy._clock.CyClockBase._process_events
[WARNING] stderr:   File "kivy/_clock.pyx", line 649, in kivy._clock.CyClockBase._process_events
[WARNING] stderr:   File "kivy/_clock.pyx", line 218, in kivy._clock.ClockEvent.tick
[WARNING] stderr:   File "/data/user/0/ru.iiec.pydroid3/files/aarch64-linux-android/lib/python3.13/site-packages/kivy/animation.py", line 370, in _update
[WARNING] stderr:     self.stop(widget)
[WARNING] stderr:     ~~~~~~~~~^^^^^^^^
[WARNING] stderr:   File "/data/user/0/ru.iiec.pydroid3/files/aarch64-linux-android/lib/python3.13/site-packages/kivy/animation.py", line 236, in stop
[WARNING] stderr:     self.dispatch('on_complete', widget)
[WARNING] stderr:     ~~~~~~~~~~~~~^^^^^^^^^^^^^^^^^^^^^^^
[WARNING] stderr:   File "kivy/_event.pyx", line 727, in kivy._event.EventDispatcher.dispatch
[WARNING] stderr:   File "kivy/_event.pyx", line 1307, in kivy._event.EventObservers.dispatch
[WARNING] stderr:   File "kivy/_event.pyx", line 1231, in kivy._event.EventObservers._dispatch
[WARNING] stderr:   File "/data/user/0/ru.iiec.pydroid3/files/aarch64-linux-android/lib/python3.13/site-packages/kivy/uix/screenmanager.py", line 419, in _on_complete
[WARNING] stderr:     self.screen_in.dispatch('on_enter')
[WARNING] stderr:     ~~~~~~~~~~~~~~~~~~~~~~~^^^^^^^^^^^^
[WARNING] stderr:   File "kivy/_event.pyx", line 731, in kivy._event.EventDispatcher.dispatch
[WARNING] stderr:   File "/storage/emulated/0/Documents/domino-score/main.py", line 285, in on_enter
[WARNING] stderr:     self.refresh()
[WARNING] stderr:     ~~~~~~~~~~~~^^
[WARNING] stderr:   File "/storage/emulated/0/Documents/domino-score/main.py", line 310, in refresh
[WARNING] stderr:     btncard = MDBoxLayout(orientation = "horizontal", size_hint = (0.9, None), spacing=dp(15))
[WARNING] stderr:   File "/data/user/0/ru.iiec.pydroid3/files/aarch64-linux-android/lib/python3.13/site-packages/kivymd/uix/behaviors/declarative_behavior.py", line 311, in __init__
[WARNING] stderr:     super().__init__(**kwargs)
[WARNING] stderr:     ~~~~~~~~~~~~~~~~^^^^^^^^^^
[WARNING] stderr:   File "/data/user/0/ru.iiec.pydroid3/files/aarch64-linux-android/lib/python3.13/site-packages/kivymd/theming.py", line 1670, in __init__
[WARNING] stderr:     super().__init__(**kwargs)
[WARNING] stderr:     ~~~~~~~~~~~~~~~~^^^^^^^^^^
[WARNING] stderr:   File "/data/user/0/ru.iiec.pydroid3/files/aarch64-linux-android/lib/python3.13/site-packages/kivy/uix/boxlayout.py", line 145, in __init__
[WARNING] stderr:     super(BoxLayout, self).__init__(**kwargs)
[WARNING] stderr:     ~~~~~~~~~~~~~~~~~~~~~~~~~~~~~~~^^^^^^^^^^
[WARNING] stderr:   File "/data/user/0/ru.iiec.pydroid3/files/aarch64-linux-android/lib/python3.13/site-packages/kivy/uix/layout.py", line 76, in __init__
[WARNING] stderr:     super(Layout, self).__init__(**kwargs)
[WARNING] stderr:     ~~~~~~~~~~~~~~~~~~~~~~~~~~~~^^^^^^^^^^
[WARNING] stderr:   File "/data/user/0/ru.iiec.pydroid3/files/aarch64-linux-android/lib/python3.13/site-packages/kivy/uix/widget.py", line 357, in __init__
[WARNING] stderr:     super(Widget, self).__init__(**kwargs)
[WARNING] stderr:     ~~~~~~~~~~~~~~~~~~~~~~~~~~~~^^^^^^^^^^
[WARNING] stderr:   File "kivy/_event.pyx", line 238, in kivy._event.EventDispatcher.__init__
[WARNING] stderr: TypeError: Properties ['halign'] passed to __init__ may not be existing property names. Valid properties are ['_background_origin', '_background_x', '_background_y', '_md_bg_color', '_origin_line_color', '_origin_md_bg_color', 'adaptive_height', 'adaptive_size', 'adaptive_width', 'angle', 'background', 'background_hue', 'background_origin', 'background_palette', 'center', 'center_x', 'center_y', 'children', 'cls', 'device_ios', 'disabled', 'height', 'id', 'ids', 'line_color', 'line_width', 'md_bg_color', 'minimum_height', 'minimum_size', 'minimum_width', 'motion_filter', 'opacity', 'opposite_colors', 'orientation', 'padding', 'parent', 'pos', 'pos_hint', 'radius', 'right', 'size', 'size_hint', 'size_hint_max', 'size_hint_max_x', 'size_hint_max_y', 'size_hint_min', 'size_hint_min_x', 'size_hint_min_y', 'size_hint_x', 'size_hint_y', 'spacing', 'specific_secondary_text_color', 'specific_text_color', 'theme_cls', 'top', 'widget_style', 'width', 'x', 'y']
